<?xml version="1.0" encoding="UTF-8"?>
<!-- Generated by org.testng.reporters.JUnitReportReporter -->
<testsuite hostname="FI-VDI-C0000018" name="testCases.TC001ExecuteWithOutPOM" tests="1" failures="0" timestamp="12 Jun 2017 11:27:39 GMT" time="6.088" errors="0">
  <testcase name="testLoginPage" time="6.088" classname="testCases.TC001ExecuteWithOutPOM"/>
</testsuite> <!-- testCases.TC001ExecuteWithOutPOM -->
