<?xml version="1.0" encoding="UTF-8"?>
<!-- Generated by org.testng.reporters.JUnitReportReporter -->
<testsuite hostname="FI-VDI-C0000018" name="testCases.TC003ExecuteWithPageFactory" tests="1" failures="0" timestamp="12 Jun 2017 11:27:39 GMT" time="0.855" errors="0">
  <testcase name="testHomePageAppearCorrect" time="0.855" classname="testCases.TC003ExecuteWithPageFactory"/>
</testsuite> <!-- testCases.TC003ExecuteWithPageFactory -->
