<?xml version="1.0" encoding="UTF-8"?>
<!-- Generated by org.testng.reporters.JUnitReportReporter -->
<testsuite hostname="FI-VDI-C0000018" name="testCases.TC002ExecuteWithPOM" tests="1" failures="0" timestamp="12 Jun 2017 11:27:39 GMT" time="0.890" errors="0">
  <testcase name="testLoginPage" time="0.890" classname="testCases.TC002ExecuteWithPOM"/>
</testsuite> <!-- testCases.TC002ExecuteWithPOM -->
